Added Component: Designator=C?(CAP: VY2)
Add component (AddParameter): Name = "HelpURL"; Value = "https://www.digikey.com/products/en/capacitors/film-capacitors/62?k=&pkeyword=&sv=0&pv2097=1958&sf=0&FV=fffc01ef%2C1f140000%2Cffe0003e%2Cffec6366&quantity=1&ColumnSort=1000011&page=1&stock=1&pageSize=25"; VariantName = "[No Variations]"
Add component (AddParameter): Name = "Impedance"; Value = "10.9mOhm"; VariantName = "[No Variations]"
Add component (AddParameter): Name = "Manufacturer"; Value = "Epcos"; VariantName = "[No Variations]"
Add component (AddParameter): Name = "Package"; Value = "31.5x15 mm"; VariantName = "[No Variations]"
Add component (AddParameter): Name = "PartNumber"; Value = "B32774D4106K000"; VariantName = "[No Variations]"
Add component (AddParameter): Name = "Temperature"; Value = "-40...+105°C"; VariantName = "[No Variations]"
Add component (AddParameter): Name = "Tolerance"; Value = "±10%"; VariantName = "[No Variations]"
Add component (AddParameter): Name = "TypeCapacitor"; Value = "Film capacitor"; VariantName = "[No Variations]"
Add component (AddParameter): Name = "Value"; Value = "10?F"; VariantName = "[No Variations]"
Add component (AddParameter): Name = "ValueManufacturerPartNumber"; Value = "Film capacitor, 10?F, 450VDC, ±10%, 10.9mOhm, 31.5x15 mm, -40...+105°C"; VariantName = "[No Variations]"
Add component (AddParameter): Name = "Voltage"; Value = "450VDC"; VariantName = "[No Variations]"
Added Component: Designator=D?(8-SOIC)
Add component (AddParameter): Name = "ComponentType"; Value = "PWM controller"; VariantName = "[No Variations]"
Add component (AddParameter): Name = "Frequency"; Value = "500kHz"; VariantName = "[No Variations]"
Add component (AddParameter): Name = "HelpURL"; Value = "https://www.digikey.com/product-detail/en/on-semiconductor/UC3842BVD1R2G/UC3842BVD1R2GOSCT-ND/5802572"; VariantName = "[No Variations]"
Add component (AddParameter): Name = "Manufacturer"; Value = "ON Semiconductor"; VariantName = "[No Variations]"
Add component (AddParameter): Name = "OutputType"; Value = "External switch"; VariantName = "[No Variations]"
Add component (AddParameter): Name = "Package"; Value = "8-SOIC"; VariantName = "[No Variations]"
Add component (AddParameter): Name = "PartNumber"; Value = "KA3845"; VariantName = "[No Variations]"
Add component (AddParameter): Name = "Temperature"; Value = "-40...+105°C"; VariantName = "[No Variations]"
Add component (AddParameter): Name = "ValueManufacturerPartNumber"; Value = "PWM controller, supply 10...30V, 500kHz, External switch, -40...+105°C, 8-SOIC"; VariantName = "[No Variations]"
Add component (AddParameter): Name = "VoltageInput"; Value = "supply 10...30V"; VariantName = "[No Variations]"
Added Class: Name=Sheet1
Added Room: Name=Sheet1
